[2016-12-29 08:47:35.767] [DISPLAY] Using DPI 144
[2016-12-29 08:47:35.939] [DISPLAY] File version 10000:3b00002 (for C:\Program Files\Rockstar Games\Grand Theft Auto V\GTA5.exe)
[2016-12-29 08:47:36.033] [DISPLAY] File version 10002:10000 (for C:\Program Files\Rockstar Games\Social Club\socialclub.dll)
[2016-12-29 08:47:36.126] [DISPLAY] File version 10000:3b00002 (for C:\Program Files\Rockstar Games\Grand Theft Auto V\GTAVLauncher.exe)
[2016-12-29 08:47:36.142] [DISPLAY] Version: 1.0.231.0|1.0.944.2|1.2.1.0|1.0.944.2|FFP
[2016-12-29 08:47:36.673] [DISPLAY] OS version: Major: 6, Minor: 2, Build: 9200, Platform: 2
[2016-12-29 08:47:36.751] [DISPLAY] File version 10000:3 (for C:\Program Files\Rockstar Games\Grand Theft Auto V\PlayGTAV.exe)
[2016-12-29 08:47:36.892] [ ERROR ] Sending request failed.
[2016-12-29 08:47:36.892] [WARNING] Catch-all error.
[2016-12-29 08:47:36.892] [ ERROR ] Error 0x2ee7: The server name or address could not be resolved

[2016-12-29 08:47:36.892] [ ERROR ] Internet error 0: 
[2016-12-29 08:47:36.892] [ ERROR ] Error occurred attempting to obtain info.
[2016-12-29 08:47:36.892] [ ERROR ] ************************************************************************
[2016-12-29 08:47:36.892] [ ERROR ] * Setting error condition
[2016-12-29 08:47:36.892] [ ERROR ] * Category:  2 (ERROR_CATEGORY_DOWNLOADER)
[2016-12-29 08:47:36.892] [ ERROR ] * Code:     202 (DOWNLOADER_ERR_NO_CONNECTION)
[2016-12-29 08:47:36.892] [ ERROR ] * Extra:     
[2016-12-29 08:47:36.892] [ ERROR ] * Localised: The Rockstar update service is unavailable (code 202). Please try again later or check the GTA Online Status page for maintenance and outage notifications: https://support.rockstargames.com/hc/articles/200426246
[2016-12-29 08:47:36.892] [ ERROR ] ************************************************************************
[2016-12-29 08:47:36.908] [DISPLAY] Increasing timeout value to 20000 milliseconds.
[2016-12-29 08:47:37.939] [ ERROR ] Sending request failed.
[2016-12-29 08:47:37.939] [WARNING] Catch-all error.
[2016-12-29 08:47:37.939] [ ERROR ] Error 0x2ee7: The server name or address could not be resolved

[2016-12-29 08:47:37.939] [ ERROR ] Internet error 0: 
[2016-12-29 08:47:37.939] [ ERROR ] Error occurred attempting to obtain info.
[2016-12-29 08:47:37.939] [ ERROR ] ************************************************************************
[2016-12-29 08:47:37.939] [ ERROR ] * Setting error condition
[2016-12-29 08:47:37.939] [ ERROR ] * Category:  2 (ERROR_CATEGORY_DOWNLOADER)
[2016-12-29 08:47:37.939] [ ERROR ] * Code:     202 (DOWNLOADER_ERR_NO_CONNECTION)
[2016-12-29 08:47:37.939] [ ERROR ] * Extra:     
[2016-12-29 08:47:37.939] [ ERROR ] * Localised: The Rockstar update service is unavailable (code 202). Please try again later or check the GTA Online Status page for maintenance and outage notifications: https://support.rockstargames.com/hc/articles/200426246
[2016-12-29 08:47:37.939] [ ERROR ] ************************************************************************
[2016-12-29 08:47:37.954] [DISPLAY] Increasing timeout value to 30000 milliseconds.
[2016-12-29 08:47:40.017] [ ERROR ] Sending request failed.
[2016-12-29 08:47:40.017] [WARNING] Catch-all error.
[2016-12-29 08:47:40.017] [ ERROR ] Error 0x2ee7: The server name or address could not be resolved

[2016-12-29 08:47:40.017] [ ERROR ] Internet error 0: 
[2016-12-29 08:47:40.017] [ ERROR ] Error occurred attempting to obtain info.
[2016-12-29 08:47:40.017] [ ERROR ] ************************************************************************
[2016-12-29 08:47:40.017] [ ERROR ] * Setting error condition
[2016-12-29 08:47:40.017] [ ERROR ] * Category:  2 (ERROR_CATEGORY_DOWNLOADER)
[2016-12-29 08:47:40.017] [ ERROR ] * Code:     202 (DOWNLOADER_ERR_NO_CONNECTION)
[2016-12-29 08:47:40.017] [ ERROR ] * Extra:     
[2016-12-29 08:47:40.017] [ ERROR ] * Localised: The Rockstar update service is unavailable (code 202). Please try again later or check the GTA Online Status page for maintenance and outage notifications: https://support.rockstargames.com/hc/articles/200426246
[2016-12-29 08:47:40.017] [ ERROR ] ************************************************************************
[2016-12-29 08:47:40.033] [ ERROR ] ************************************************************************
[2016-12-29 08:47:40.033] [ ERROR ] * Setting error condition
[2016-12-29 08:47:40.033] [ ERROR ] * Category:  2 (ERROR_CATEGORY_DOWNLOADER)
[2016-12-29 08:47:40.033] [ ERROR ] * Code:     202 (DOWNLOADER_ERR_NO_CONNECTION)
[2016-12-29 08:47:40.033] [ ERROR ] * Extra:     
[2016-12-29 08:47:40.033] [ ERROR ] * Localised: The Rockstar update service is unavailable (code 202). Please try again later or check the GTA Online Status page for maintenance and outage notifications: https://support.rockstargames.com/hc/articles/200426246
[2016-12-29 08:47:40.033] [ ERROR ] ************************************************************************
[2016-12-29 08:47:40.033] [ ERROR ] Unable to download options file!
[2016-12-29 08:47:40.126] [DISPLAY] File version 10000:3b00002 (for C:\Program Files\Rockstar Games\Grand Theft Auto V\GTA5.exe)
[2016-12-29 08:47:55.128] [DISPLAY] Social Club initializing...
[2016-12-29 08:47:55.644] [DISPLAY] Setting Social Club 'Offline Only' mode from the command line.
[2016-12-29 08:47:55.847] [DISPLAY] Attempting to create device...
[2016-12-29 08:47:55.863] [DISPLAY] Attempting to initialise DX9 COM object...
[2016-12-29 08:47:58.160] [DISPLAY] Window size: 1035 x 744
[2016-12-29 08:47:59.412] [DISPLAY] Successfully created DX Device!
[2016-12-29 08:48:06.763] [DISPLAY] Launching game...
[2016-12-29 08:48:06.786] [DISPLAY] (path: C:\Program Files\Rockstar Games\Grand Theft Auto V\GTA5.exe cmdline: "C:\Program Files\Rockstar Games\Grand Theft Auto V\GTA5.exe"  -scOfflineOnly)
[2016-12-29 08:48:19.102] [ ERROR ] HRESULT failed when doing m_device->Present(NULL, NULL, NULL, NULL) : 88760868
[2016-12-29 08:48:19.102] [WARNING] Device lost.
[2016-12-29 08:48:19.102] [WARNING] Resetting device...
[2016-12-29 08:48:19.113] [WARNING] Reset failed with D3DERR_DEVICELOST.
[2016-12-29 08:50:29.597] [WARNING] Resetting device...
[2016-12-29 08:50:29.977] [DISPLAY] Reset succeeded.
[2016-12-29 09:32:53.108] [ ERROR ] GameComm: ReadFile failed.
[2016-12-29 09:32:54.847] [WARNING] Resetting device...
[2016-12-29 09:32:54.874] [DISPLAY] Reset succeeded.
[2016-12-29 09:32:56.127] [ ERROR ] HRESULT failed when doing m_device->Present(NULL, NULL, NULL, NULL) : 88760868
[2016-12-29 09:32:57.247] [DISPLAY] Reset succeeded.
[2016-12-29 09:32:57.366] [DISPLAY] Game exited with code 0x0
[2016-12-29 09:32:59.447] [DISPLAY] Uninitializing.
